<?xml version="1.0" encoding="UTF-8"?>
<testng-results ignored="0" total="1" passed="1" failed="0" skipped="0">
  <reporter-output>
  </reporter-output>
  <suite started-at="2025-04-24T11:42:18 IST" name="Default suite" finished-at="2025-04-24T11:42:28 IST" duration-ms="9929">
    <groups>
    </groups>
    <test started-at="2025-04-24T11:42:18 IST" name="Default test" finished-at="2025-04-24T11:42:28 IST" duration-ms="9929">
      <class name="test_QA.TestCase_4">
        <test-method signature="main()[pri:0, instance:test_QA.TestCase_4@6e6f2380]" started-at="2025-04-24T11:42:18 IST" name="main" finished-at="2025-04-24T11:42:28 IST" duration-ms="9881" status="PASS">
          <reporter-output>
          </reporter-output>
        </test-method> <!-- main -->
      </class> <!-- test_QA.TestCase_4 -->
    </test> <!-- Default test -->
  </suite> <!-- Default suite -->
</testng-results>
